01:48:52.666 INFO [GridLauncherV3.parse] - Selenium server version: 3.141.59, revision: e82be7d358
01:48:52.836 INFO [GridLauncherV3.lambda$buildLaunchers$3] - Launching a standalone Selenium Server on port 4444
2020-04-24 01:48:52.936:INFO::main: Logging initialized @663ms to org.seleniumhq.jetty9.util.log.StdErrLog
01:48:53.527 INFO [WebDriverServlet.<init>] - Initialising WebDriverServlet
01:48:53.866 INFO [SeleniumServer.boot] - Selenium Server is up and running on port 4444
01:48:54.427 INFO [ActiveSessionFactory.apply] - Capabilities are: {
  "acceptSslCerts": true,
  "browserName": "chrome",
  "javascriptEnabled": true
}
01:48:54.427 INFO [ActiveSessionFactory.lambda$apply$11] - Matched factory org.openqa.selenium.grid.session.remote.ServicedSession$Factory (provider: org.openqa.selenium.chrome.ChromeDriverService)
Starting ChromeDriver 81.0.4044.69 (6813546031a4bc83f717a2ef7cd4ac6ec1199132-refs/branch-heads/4044@{#776}) on port 17508
Only local connections are allowed.
Please protect ports used by ChromeDriver and related test frameworks to prevent access by malicious code.
01:49:00.496 INFO [ProtocolHandshake.createSession] - Detected dialect: W3C
01:49:00.637 INFO [RemoteSession$Factory.lambda$performHandshake$0] - Started new session 0d82cd3dc175a8d4fdc5472b1f8f3698 (org.openqa.selenium.chrome.ChromeDriverService)
[1587703744.577][SEVERE]: Timed out receiving message from renderer: 0.100
[1587703745.032][SEVERE]: Timed out receiving message from renderer: 0.100
[1587703776.589][SEVERE]: Timed out receiving message from renderer: 0.100
[1587703776.916][SEVERE]: Timed out receiving message from renderer: 0.100
[1587703777.111][SEVERE]: Timed out receiving message from renderer: 0.100
[1587703778.771][SEVERE]: Timed out receiving message from renderer: 0.100
[1587703780.894][SEVERE]: Timed out receiving message from renderer: 0.100
[1587703804.633][SEVERE]: Timed out receiving message from renderer: 0.100
[1587703805.573][SEVERE]: Timed out receiving message from renderer: 0.100
[1587703809.448][SEVERE]: Timed out receiving message from renderer: 0.100
[1587703810.161][SEVERE]: Timed out receiving message from renderer: 0.100
[1587703810.346][SEVERE]: Timed out receiving message from renderer: 0.100
[1587703839.605][SEVERE]: Timed out receiving message from renderer: 0.100
[1587703847.578][SEVERE]: Timed out receiving message from renderer: 0.100
[1587703859.041][SEVERE]: Timed out receiving message from renderer: 0.100
[1587703859.746][SEVERE]: Timed out receiving message from renderer: 0.100
